0 info it worked if it ends with ok
1 verbose cli [ 'C:\\Program Files\\nodejs\\\\node.exe',
1 verbose cli   'C:\\Program Files\\nodejs\\node_modules\\npm\\bin\\npm-cli.js',
1 verbose cli   'install',
1 verbose cli   'ckeditor' ]
2 info using npm@2.9.1
3 info using node@v0.12.3
4 verbose node symlink C:\Program Files\nodejs\\node.exe
5 verbose install initial load of C:\xampp\htdocs\tinymvc\package.json
6 verbose installManyTop reading scoped package data from C:\xampp\htdocs\tinymvc\node_modules\ng-resource\package.json
7 verbose readDependencies loading dependencies from C:\xampp\htdocs\tinymvc\package.json
8 silly cache add args [ 'ckeditor', null ]
9 verbose cache add spec ckeditor
10 silly cache add parsed spec { raw: 'ckeditor',
10 silly cache add   scope: null,
10 silly cache add   name: 'ckeditor',
10 silly cache add   rawSpec: '',
10 silly cache add   spec: '*',
10 silly cache add   type: 'range' }
11 silly addNamed ckeditor@*
12 verbose addNamed "*" is a valid semver range for ckeditor
13 silly addNameRange { name: 'ckeditor', range: '*', hasData: false }
14 silly mapToRegistry name ckeditor
15 silly mapToRegistry using default registry
16 silly mapToRegistry registry https://registry.npmjs.org/
17 silly mapToRegistry uri https://registry.npmjs.org/ckeditor
18 verbose addNameRange registry:https://registry.npmjs.org/ckeditor not in flight; fetching
19 verbose request uri https://registry.npmjs.org/ckeditor
20 verbose request no auth needed
21 info attempt registry request try #1 at 9:18:19 PM
22 verbose request id 1ad3ad5a338f4fbc
23 http request GET https://registry.npmjs.org/ckeditor
24 http 404 https://registry.npmjs.org/ckeditor
25 verbose headers { server: 'CouchDB/1.5.0 (Erlang OTP/R16B03)',
25 verbose headers   'content-type': 'application/json',
25 verbose headers   'cache-control': 'max-age=0',
25 verbose headers   'content-length': '51',
25 verbose headers   'accept-ranges': 'bytes',
25 verbose headers   date: 'Wed, 20 May 2015 04:18:17 GMT',
25 verbose headers   via: '1.1 varnish',
25 verbose headers   age: '0',
25 verbose headers   connection: 'keep-alive',
25 verbose headers   'x-served-by': 'cache-lax1433-LAX',
25 verbose headers   'x-cache': 'MISS',
25 verbose headers   'x-cache-hits': '0',
25 verbose headers   'x-timer': 'S1432095497.378611,VS0,VE545' }
26 silly get cb [ 404,
26 silly get   { server: 'CouchDB/1.5.0 (Erlang OTP/R16B03)',
26 silly get     'content-type': 'application/json',
26 silly get     'cache-control': 'max-age=0',
26 silly get     'content-length': '51',
26 silly get     'accept-ranges': 'bytes',
26 silly get     date: 'Wed, 20 May 2015 04:18:17 GMT',
26 silly get     via: '1.1 varnish',
26 silly get     age: '0',
26 silly get     connection: 'keep-alive',
26 silly get     'x-served-by': 'cache-lax1433-LAX',
26 silly get     'x-cache': 'MISS',
26 silly get     'x-cache-hits': '0',
26 silly get     'x-timer': 'S1432095497.378611,VS0,VE545' } ]
27 verbose stack Error: 404 Not Found: ckeditor
27 verbose stack     at CachingRegistryClient.<anonymous> (C:\Program Files\nodejs\node_modules\npm\node_modules\npm-registry-client\lib\request.js:245:14)
27 verbose stack     at Request._callback (C:\Program Files\nodejs\node_modules\npm\node_modules\npm-registry-client\lib\request.js:170:14)
27 verbose stack     at Request.self.callback (C:\Program Files\nodejs\node_modules\npm\node_modules\request\request.js:368:22)
27 verbose stack     at Request.emit (events.js:110:17)
27 verbose stack     at Request.<anonymous> (C:\Program Files\nodejs\node_modules\npm\node_modules\request\request.js:1219:14)
27 verbose stack     at Request.emit (events.js:129:20)
27 verbose stack     at IncomingMessage.<anonymous> (C:\Program Files\nodejs\node_modules\npm\node_modules\request\request.js:1167:12)
27 verbose stack     at IncomingMessage.emit (events.js:129:20)
27 verbose stack     at _stream_readable.js:908:16
27 verbose stack     at process._tickCallback (node.js:355:11)
28 verbose statusCode 404
29 verbose pkgid ckeditor
30 verbose cwd C:\xampp\htdocs\tinymvc
31 error Windows_NT 6.3.9600
32 error argv "C:\\Program Files\\nodejs\\\\node.exe" "C:\\Program Files\\nodejs\\node_modules\\npm\\bin\\npm-cli.js" "install" "ckeditor"
33 error node v0.12.3
34 error npm  v2.9.1
35 error code E404
36 error 404 Not Found: ckeditor
36 error 404
36 error 404 'ckeditor' is not in the npm registry.
36 error 404 You should bug the author to publish it (or use the name yourself!)
36 error 404
36 error 404 Note that you can also install from a
36 error 404 tarball, folder, http url, or git url.
37 verbose exit [ 1, true ]
